

================================================================
== Vitis HLS Report for 'vector_scale'
================================================================
* Date:           Wed May  3 16:43:47 2023

* Version:        2020.2 (Build 3064766 on Wed Nov 18 09:12:47 MST 2020)
* Project:        vec_vec_op_streaming
* Solution:       solution1 (Vivado IP Flow Target)
* Product family: zynquplus
* Target device:  xczu9eg-ffvb1156-2-e


================================================================
== Performance Estimates
================================================================
+ Timing: 
    * Summary: 
    +--------+----------+----------+------------+
    |  Clock |  Target  | Estimated| Uncertainty|
    +--------+----------+----------+------------+
    |ap_clk  |  10.00 ns|  2.077 ns|     1.00 ns|
    +--------+----------+----------+------------+

+ Latency: 
    * Summary: 
    +---------+---------+----------+----------+-----+-----+---------+
    |  Latency (cycles) |  Latency (absolute) |  Interval | Pipeline|
    |   min   |   max   |    min   |    max   | min | max |   Type  |
    +---------+---------+----------+----------+-----+-----+---------+
    |       34|       34|  0.340 us|  0.340 us|   34|   34|     none|
    +---------+---------+----------+----------+-----+-----+---------+

    + Detail: 
        * Instance: 
        N/A

        * Loop: 
        +--------------------+---------+---------+----------+-----------+-----------+------+----------+
        |                    |  Latency (cycles) | Iteration|  Initiation Interval  | Trip |          |
        |      Loop Name     |   min   |   max   |  Latency |  achieved |   target  | Count| Pipelined|
        +--------------------+---------+---------+----------+-----------+-----------+------+----------+
        |- BLOCK_CACHE_LOOP  |       32|       32|         2|          1|          1|    32|       yes|
        +--------------------+---------+---------+----------+-----------+-----------+------+----------+

============================================================
+ Verbose Summary: Synthesis Manager
============================================================
InlineROM: 1
ExposeGlobal: 0
============================================================
+ Verbose Summary: CDFG Model
============================================================
IsTopModel: 0
ResetActiveHigh: 1
IsCombinational: 0
IsDatapathOnly: 0
HasWiredReturn: 1
HasMFsm: 0
HasVarLatency: 1
IsPipeline: 0
IsRtlPipelined: 0
IsInstanceOverlapped: 0
IsDontTouch: 0
HasImplIP: 0
IsGatedGlobalClock: 0

+ Individual pipeline summary: 
  * Pipeline-0: initiation interval (II) = 1, depth = 2


============================================================
+ Verbose Summary: Schedule
============================================================
* Number of FSM states : 4
* Pipeline : 1
  Pipeline-0 : II = 1, D = 2, States = { 2 3 }
* Dataflow Pipeline: 0

* FSM state transitions: 
1 --> 2 
2 --> 4 3 
3 --> 2 
4 --> 

* FSM state operations: 

State 1 <SV = 0> <Delay = 0.42>
ST_1 : Operation 5 [1/1] (0.00ns)   --->   "%specinterface_ln0 = specinterface void @_ssdm_op_SpecInterface, i6 %vec_out_V_dest_V, void @empty_4, i32 0, i32 0, void @empty_5, i32 0, i32 0, void @empty_0, void @empty_0, void @empty_0, i32 0, i32 0, i32 0, i32 0, void @empty_0, void @empty_0"   --->   Operation 5 'specinterface' 'specinterface_ln0' <Predicate = true> <Delay = 0.00>
ST_1 : Operation 6 [1/1] (0.00ns)   --->   "%specinterface_ln0 = specinterface void @_ssdm_op_SpecInterface, i5 %vec_out_V_id_V, void @empty_4, i32 0, i32 0, void @empty_5, i32 0, i32 0, void @empty_0, void @empty_0, void @empty_0, i32 0, i32 0, i32 0, i32 0, void @empty_0, void @empty_0"   --->   Operation 6 'specinterface' 'specinterface_ln0' <Predicate = true> <Delay = 0.00>
ST_1 : Operation 7 [1/1] (0.00ns)   --->   "%specinterface_ln0 = specinterface void @_ssdm_op_SpecInterface, i1 %vec_out_V_last_V, void @empty_4, i32 0, i32 0, void @empty_5, i32 0, i32 0, void @empty_0, void @empty_0, void @empty_0, i32 0, i32 0, i32 0, i32 0, void @empty_0, void @empty_0"   --->   Operation 7 'specinterface' 'specinterface_ln0' <Predicate = true> <Delay = 0.00>
ST_1 : Operation 8 [1/1] (0.00ns)   --->   "%specinterface_ln0 = specinterface void @_ssdm_op_SpecInterface, i2 %vec_out_V_user_V, void @empty_4, i32 0, i32 0, void @empty_5, i32 0, i32 0, void @empty_0, void @empty_0, void @empty_0, i32 0, i32 0, i32 0, i32 0, void @empty_0, void @empty_0"   --->   Operation 8 'specinterface' 'specinterface_ln0' <Predicate = true> <Delay = 0.00>
ST_1 : Operation 9 [1/1] (0.00ns)   --->   "%specinterface_ln0 = specinterface void @_ssdm_op_SpecInterface, i16 %vec_out_V_strb_V, void @empty_4, i32 0, i32 0, void @empty_5, i32 0, i32 0, void @empty_0, void @empty_0, void @empty_0, i32 0, i32 0, i32 0, i32 0, void @empty_0, void @empty_0"   --->   Operation 9 'specinterface' 'specinterface_ln0' <Predicate = true> <Delay = 0.00>
ST_1 : Operation 10 [1/1] (0.00ns)   --->   "%specinterface_ln0 = specinterface void @_ssdm_op_SpecInterface, i16 %vec_out_V_keep_V, void @empty_4, i32 0, i32 0, void @empty_5, i32 0, i32 0, void @empty_0, void @empty_0, void @empty_0, i32 0, i32 0, i32 0, i32 0, void @empty_0, void @empty_0"   --->   Operation 10 'specinterface' 'specinterface_ln0' <Predicate = true> <Delay = 0.00>
ST_1 : Operation 11 [1/1] (0.00ns)   --->   "%specinterface_ln0 = specinterface void @_ssdm_op_SpecInterface, i128 %vec_out_V_data_V, void @empty_4, i32 0, i32 0, void @empty_5, i32 0, i32 0, void @empty_0, void @empty_0, void @empty_0, i32 0, i32 0, i32 0, i32 0, void @empty_0, void @empty_0"   --->   Operation 11 'specinterface' 'specinterface_ln0' <Predicate = true> <Delay = 0.00>
ST_1 : Operation 12 [1/1] (0.00ns)   --->   "%specinterface_ln0 = specinterface void @_ssdm_op_SpecInterface, i6 %vec_V_dest_V, void @empty_4, i32 0, i32 0, void @empty_5, i32 0, i32 0, void @empty_0, void @empty_0, void @empty_0, i32 0, i32 0, i32 0, i32 0, void @empty_0, void @empty_0"   --->   Operation 12 'specinterface' 'specinterface_ln0' <Predicate = true> <Delay = 0.00>
ST_1 : Operation 13 [1/1] (0.00ns)   --->   "%specinterface_ln0 = specinterface void @_ssdm_op_SpecInterface, i5 %vec_V_id_V, void @empty_4, i32 0, i32 0, void @empty_5, i32 0, i32 0, void @empty_0, void @empty_0, void @empty_0, i32 0, i32 0, i32 0, i32 0, void @empty_0, void @empty_0"   --->   Operation 13 'specinterface' 'specinterface_ln0' <Predicate = true> <Delay = 0.00>
ST_1 : Operation 14 [1/1] (0.00ns)   --->   "%specinterface_ln0 = specinterface void @_ssdm_op_SpecInterface, i1 %vec_V_last_V, void @empty_4, i32 0, i32 0, void @empty_5, i32 0, i32 0, void @empty_0, void @empty_0, void @empty_0, i32 0, i32 0, i32 0, i32 0, void @empty_0, void @empty_0"   --->   Operation 14 'specinterface' 'specinterface_ln0' <Predicate = true> <Delay = 0.00>
ST_1 : Operation 15 [1/1] (0.00ns)   --->   "%specinterface_ln0 = specinterface void @_ssdm_op_SpecInterface, i2 %vec_V_user_V, void @empty_4, i32 0, i32 0, void @empty_5, i32 0, i32 0, void @empty_0, void @empty_0, void @empty_0, i32 0, i32 0, i32 0, i32 0, void @empty_0, void @empty_0"   --->   Operation 15 'specinterface' 'specinterface_ln0' <Predicate = true> <Delay = 0.00>
ST_1 : Operation 16 [1/1] (0.00ns)   --->   "%specinterface_ln0 = specinterface void @_ssdm_op_SpecInterface, i16 %vec_V_strb_V, void @empty_4, i32 0, i32 0, void @empty_5, i32 0, i32 0, void @empty_0, void @empty_0, void @empty_0, i32 0, i32 0, i32 0, i32 0, void @empty_0, void @empty_0"   --->   Operation 16 'specinterface' 'specinterface_ln0' <Predicate = true> <Delay = 0.00>
ST_1 : Operation 17 [1/1] (0.00ns)   --->   "%specinterface_ln0 = specinterface void @_ssdm_op_SpecInterface, i16 %vec_V_keep_V, void @empty_4, i32 0, i32 0, void @empty_5, i32 0, i32 0, void @empty_0, void @empty_0, void @empty_0, i32 0, i32 0, i32 0, i32 0, void @empty_0, void @empty_0"   --->   Operation 17 'specinterface' 'specinterface_ln0' <Predicate = true> <Delay = 0.00>
ST_1 : Operation 18 [1/1] (0.00ns)   --->   "%specinterface_ln0 = specinterface void @_ssdm_op_SpecInterface, i128 %vec_V_data_V, void @empty_4, i32 0, i32 0, void @empty_5, i32 0, i32 0, void @empty_0, void @empty_0, void @empty_0, i32 0, i32 0, i32 0, i32 0, void @empty_0, void @empty_0"   --->   Operation 18 'specinterface' 'specinterface_ln0' <Predicate = true> <Delay = 0.00>
ST_1 : Operation 19 [1/1] (0.42ns)   --->   "%br_ln250 = br void" [vec_vec_op_streaming.cpp:250]   --->   Operation 19 'br' 'br_ln250' <Predicate = true> <Delay = 0.42>

State 2 <SV = 1> <Delay = 2.07>
ST_2 : Operation 20 [1/1] (0.00ns)   --->   "%j = phi i6 %add_ln250, void %.split2, i6 0, void" [vec_vec_op_streaming.cpp:250]   --->   Operation 20 'phi' 'j' <Predicate = true> <Delay = 0.00>
ST_2 : Operation 21 [1/1] (0.78ns)   --->   "%add_ln250 = add i6 %j, i6 1" [vec_vec_op_streaming.cpp:250]   --->   Operation 21 'add' 'add_ln250' <Predicate = true> <Delay = 0.78> <CoreInst = "Adder">   --->   Core 1 'Adder' <Latency = 0> <II = 1> <Delay = 0.76> <FuncUnit> <Opcode : 'add' 'sub'> <InPorts = 2> <OutPorts = 1>
ST_2 : Operation 22 [1/1] (0.78ns)   --->   "%icmp_ln250 = icmp_eq  i6 %j, i6 32" [vec_vec_op_streaming.cpp:250]   --->   Operation 22 'icmp' 'icmp_ln250' <Predicate = true> <Delay = 0.78> <CoreInst = "Cmp">   --->   Core 9 'Cmp' <Latency = 0> <II = 1> <Delay = 0.78> <FuncUnit> <Opcode : 'icmp'> <InPorts = 2> <OutPorts = 1>
ST_2 : Operation 23 [1/1] (0.00ns)   --->   "%empty = speclooptripcount i32 @_ssdm_op_SpecLoopTripCount, i64 32, i64 32, i64 32"   --->   Operation 23 'speclooptripcount' 'empty' <Predicate = true> <Delay = 0.00>
ST_2 : Operation 24 [1/1] (0.00ns)   --->   "%br_ln250 = br i1 %icmp_ln250, void %.split2, void" [vec_vec_op_streaming.cpp:250]   --->   Operation 24 'br' 'br_ln250' <Predicate = true> <Delay = 0.00>
ST_2 : Operation 25 [1/1] (0.00ns)   --->   "%empty_16 = read i174 @_ssdm_op_Read.axis.volatile.i128P0A.i16P0A.i16P0A.i2P0A.i1P0A.i5P0A.i6P0A, i128 %vec_V_data_V, i16 %vec_V_keep_V, i16 %vec_V_strb_V, i2 %vec_V_user_V, i1 %vec_V_last_V, i5 %vec_V_id_V, i6 %vec_V_dest_V"   --->   Operation 25 'read' 'empty_16' <Predicate = (!icmp_ln250)> <Delay = 0.00> <CoreInst = "axis">   --->   Core 123 'axis' <Latency = 0> <II = 1> <Delay = 1.00> <Adapter> <Opcode : >
ST_2 : Operation 26 [1/1] (0.00ns)   --->   "%ref_tmp_data = extractvalue i174 %empty_16"   --->   Operation 26 'extractvalue' 'ref_tmp_data' <Predicate = (!icmp_ln250)> <Delay = 0.00>
ST_2 : Operation 27 [1/1] (0.00ns)   --->   "%ref_tmp_keep = extractvalue i174 %empty_16"   --->   Operation 27 'extractvalue' 'ref_tmp_keep' <Predicate = (!icmp_ln250)> <Delay = 0.00>
ST_2 : Operation 28 [1/1] (0.00ns)   --->   "%ref_tmp_strb = extractvalue i174 %empty_16"   --->   Operation 28 'extractvalue' 'ref_tmp_strb' <Predicate = (!icmp_ln250)> <Delay = 0.00>
ST_2 : Operation 29 [1/1] (0.00ns)   --->   "%ref_tmp_user = extractvalue i174 %empty_16"   --->   Operation 29 'extractvalue' 'ref_tmp_user' <Predicate = (!icmp_ln250)> <Delay = 0.00>
ST_2 : Operation 30 [1/1] (0.00ns) (grouped into LUT with out node select_ln258)   --->   "%ref_tmp_last = extractvalue i174 %empty_16"   --->   Operation 30 'extractvalue' 'ref_tmp_last' <Predicate = (!icmp_ln250)> <Delay = 0.00>
ST_2 : Operation 31 [1/1] (0.00ns)   --->   "%ref_tmp_id = extractvalue i174 %empty_16"   --->   Operation 31 'extractvalue' 'ref_tmp_id' <Predicate = (!icmp_ln250)> <Delay = 0.00>
ST_2 : Operation 32 [1/1] (0.00ns)   --->   "%ref_tmp_dest = extractvalue i174 %empty_16"   --->   Operation 32 'extractvalue' 'ref_tmp_dest' <Predicate = (!icmp_ln250)> <Delay = 0.00>
ST_2 : Operation 33 [1/1] (0.00ns) (grouped into LUT with out node select_ln258)   --->   "%tmp_s = bitconcatenate i190 @_ssdm_op_BitConcatenate.i190.i6.i3.i5.i7.i1.i6.i2.i16.i16.i128, i6 %ref_tmp_dest, i3 0, i5 %ref_tmp_id, i7 0, i1 %ref_tmp_last, i6 0, i2 %ref_tmp_user, i16 %ref_tmp_strb, i16 %ref_tmp_keep, i128 %ref_tmp_data" [vec_vec_op_streaming.cpp:252]   --->   Operation 33 'bitconcatenate' 'tmp_s' <Predicate = (!icmp_ln250)> <Delay = 0.00>
ST_2 : Operation 34 [1/1] (0.78ns)   --->   "%cmp26 = icmp_eq  i6 %j, i6 31" [vec_vec_op_streaming.cpp:250]   --->   Operation 34 'icmp' 'cmp26' <Predicate = (!icmp_ln250)> <Delay = 0.78> <CoreInst = "Cmp">   --->   Core 9 'Cmp' <Latency = 0> <II = 1> <Delay = 0.78> <FuncUnit> <Opcode : 'icmp'> <InPorts = 2> <OutPorts = 1>
ST_2 : Operation 35 [1/1] (0.00ns)   --->   "%trunc_ln257 = trunc i128 %ref_tmp_data" [vec_vec_op_streaming.cpp:257]   --->   Operation 35 'trunc' 'trunc_ln257' <Predicate = (!icmp_ln250)> <Delay = 0.00>
ST_2 : Operation 36 [1/1] (0.00ns)   --->   "%shl_ln = bitconcatenate i8 @_ssdm_op_BitConcatenate.i8.i5.i3, i5 %trunc_ln257, i3 0" [vec_vec_op_streaming.cpp:257]   --->   Operation 36 'bitconcatenate' 'shl_ln' <Predicate = (!icmp_ln250)> <Delay = 0.00>
ST_2 : Operation 37 [1/1] (0.00ns)   --->   "%trunc_ln257_1 = trunc i128 %ref_tmp_data" [vec_vec_op_streaming.cpp:257]   --->   Operation 37 'trunc' 'trunc_ln257_1' <Predicate = (!icmp_ln250)> <Delay = 0.00>
ST_2 : Operation 38 [1/1] (0.00ns)   --->   "%shl_ln257_1 = bitconcatenate i8 @_ssdm_op_BitConcatenate.i8.i7.i1, i7 %trunc_ln257_1, i1 0" [vec_vec_op_streaming.cpp:257]   --->   Operation 38 'bitconcatenate' 'shl_ln257_1' <Predicate = (!icmp_ln250)> <Delay = 0.00>
ST_2 : Operation 39 [1/1] (0.76ns)   --->   "%add_ln257 = add i8 %shl_ln, i8 %shl_ln257_1" [vec_vec_op_streaming.cpp:257]   --->   Operation 39 'add' 'add_ln257' <Predicate = (!icmp_ln250)> <Delay = 0.76> <CoreInst = "Adder">   --->   Core 1 'Adder' <Latency = 0> <II = 1> <Delay = 0.76> <FuncUnit> <Opcode : 'add' 'sub'> <InPorts = 2> <OutPorts = 1>
ST_2 : Operation 40 [1/1] (0.00ns) (grouped into LUT with out node select_ln258)   --->   "%and_ln_cast = bitconcatenate i190 @_ssdm_op_BitConcatenate.i190.i6.i3.i5.i14.i2.i16.i16.i128, i6 %ref_tmp_dest, i3 0, i5 %ref_tmp_id, i14 0, i2 %ref_tmp_user, i16 %ref_tmp_strb, i16 %ref_tmp_keep, i128 %ref_tmp_data" [vec_vec_op_streaming.cpp:258]   --->   Operation 40 'bitconcatenate' 'and_ln_cast' <Predicate = (!icmp_ln250)> <Delay = 0.00>
ST_2 : Operation 41 [1/1] (0.00ns) (grouped into LUT with out node select_ln258)   --->   "%or_ln258 = or i190 %and_ln_cast, i190 374144419156711147060143317175368453031918731001856" [vec_vec_op_streaming.cpp:258]   --->   Operation 41 'or' 'or_ln258' <Predicate = (!icmp_ln250)> <Delay = 0.00>
ST_2 : Operation 42 [1/1] (0.52ns) (out node of the LUT)   --->   "%select_ln258 = select i1 %cmp26, i190 %or_ln258, i190 %tmp_s" [vec_vec_op_streaming.cpp:258]   --->   Operation 42 'select' 'select_ln258' <Predicate = (!icmp_ln250)> <Delay = 0.52> <CoreInst = "Sel">   --->   Core 73 'Sel' <Latency = 0> <II = 1> <Delay = 0.52> <FuncUnit> <Opcode : 'select'> <InPorts = 3> <OutPorts = 1>
ST_2 : Operation 43 [1/1] (0.00ns)   --->   "%tmp_2 = partselect i5 @_ssdm_op_PartSelect.i5.i190.i32.i32, i190 %select_ln258, i32 8, i32 12" [vec_vec_op_streaming.cpp:257]   --->   Operation 43 'partselect' 'tmp_2' <Predicate = (!icmp_ln250)> <Delay = 0.00>
ST_2 : Operation 44 [1/1] (0.00ns)   --->   "%and_ln1 = bitconcatenate i8 @_ssdm_op_BitConcatenate.i8.i5.i3, i5 %tmp_2, i3 0" [vec_vec_op_streaming.cpp:257]   --->   Operation 44 'bitconcatenate' 'and_ln1' <Predicate = (!icmp_ln250)> <Delay = 0.00>
ST_2 : Operation 45 [1/1] (0.00ns)   --->   "%tmp_3 = partselect i7 @_ssdm_op_PartSelect.i7.i190.i32.i32, i190 %select_ln258, i32 8, i32 14" [vec_vec_op_streaming.cpp:257]   --->   Operation 45 'partselect' 'tmp_3' <Predicate = (!icmp_ln250)> <Delay = 0.00>
ST_2 : Operation 46 [1/1] (0.00ns)   --->   "%and_ln257_1 = bitconcatenate i8 @_ssdm_op_BitConcatenate.i8.i7.i1, i7 %tmp_3, i1 0" [vec_vec_op_streaming.cpp:257]   --->   Operation 46 'bitconcatenate' 'and_ln257_1' <Predicate = (!icmp_ln250)> <Delay = 0.00>
ST_2 : Operation 47 [1/1] (0.76ns)   --->   "%add_ln257_1 = add i8 %and_ln1, i8 %and_ln257_1" [vec_vec_op_streaming.cpp:257]   --->   Operation 47 'add' 'add_ln257_1' <Predicate = (!icmp_ln250)> <Delay = 0.76> <CoreInst = "Adder">   --->   Core 1 'Adder' <Latency = 0> <II = 1> <Delay = 0.76> <FuncUnit> <Opcode : 'add' 'sub'> <InPorts = 2> <OutPorts = 1>
ST_2 : Operation 48 [1/1] (0.00ns)   --->   "%tmp_4 = partselect i5 @_ssdm_op_PartSelect.i5.i190.i32.i32, i190 %select_ln258, i32 16, i32 20" [vec_vec_op_streaming.cpp:257]   --->   Operation 48 'partselect' 'tmp_4' <Predicate = (!icmp_ln250)> <Delay = 0.00>
ST_2 : Operation 49 [1/1] (0.00ns)   --->   "%and_ln257_2 = bitconcatenate i8 @_ssdm_op_BitConcatenate.i8.i5.i3, i5 %tmp_4, i3 0" [vec_vec_op_streaming.cpp:257]   --->   Operation 49 'bitconcatenate' 'and_ln257_2' <Predicate = (!icmp_ln250)> <Delay = 0.00>
ST_2 : Operation 50 [1/1] (0.00ns)   --->   "%tmp_5 = partselect i7 @_ssdm_op_PartSelect.i7.i190.i32.i32, i190 %select_ln258, i32 16, i32 22" [vec_vec_op_streaming.cpp:257]   --->   Operation 50 'partselect' 'tmp_5' <Predicate = (!icmp_ln250)> <Delay = 0.00>
ST_2 : Operation 51 [1/1] (0.00ns)   --->   "%and_ln257_3 = bitconcatenate i8 @_ssdm_op_BitConcatenate.i8.i7.i1, i7 %tmp_5, i1 0" [vec_vec_op_streaming.cpp:257]   --->   Operation 51 'bitconcatenate' 'and_ln257_3' <Predicate = (!icmp_ln250)> <Delay = 0.00>
ST_2 : Operation 52 [1/1] (0.76ns)   --->   "%add_ln257_2 = add i8 %and_ln257_2, i8 %and_ln257_3" [vec_vec_op_streaming.cpp:257]   --->   Operation 52 'add' 'add_ln257_2' <Predicate = (!icmp_ln250)> <Delay = 0.76> <CoreInst = "Adder">   --->   Core 1 'Adder' <Latency = 0> <II = 1> <Delay = 0.76> <FuncUnit> <Opcode : 'add' 'sub'> <InPorts = 2> <OutPorts = 1>
ST_2 : Operation 53 [1/1] (0.00ns)   --->   "%tmp_6 = partselect i5 @_ssdm_op_PartSelect.i5.i190.i32.i32, i190 %select_ln258, i32 24, i32 28" [vec_vec_op_streaming.cpp:257]   --->   Operation 53 'partselect' 'tmp_6' <Predicate = (!icmp_ln250)> <Delay = 0.00>
ST_2 : Operation 54 [1/1] (0.00ns)   --->   "%and_ln257_4 = bitconcatenate i8 @_ssdm_op_BitConcatenate.i8.i5.i3, i5 %tmp_6, i3 0" [vec_vec_op_streaming.cpp:257]   --->   Operation 54 'bitconcatenate' 'and_ln257_4' <Predicate = (!icmp_ln250)> <Delay = 0.00>
ST_2 : Operation 55 [1/1] (0.00ns)   --->   "%tmp_7 = partselect i7 @_ssdm_op_PartSelect.i7.i190.i32.i32, i190 %select_ln258, i32 24, i32 30" [vec_vec_op_streaming.cpp:257]   --->   Operation 55 'partselect' 'tmp_7' <Predicate = (!icmp_ln250)> <Delay = 0.00>
ST_2 : Operation 56 [1/1] (0.00ns)   --->   "%and_ln257_5 = bitconcatenate i8 @_ssdm_op_BitConcatenate.i8.i7.i1, i7 %tmp_7, i1 0" [vec_vec_op_streaming.cpp:257]   --->   Operation 56 'bitconcatenate' 'and_ln257_5' <Predicate = (!icmp_ln250)> <Delay = 0.00>
ST_2 : Operation 57 [1/1] (0.76ns)   --->   "%add_ln257_3 = add i8 %and_ln257_4, i8 %and_ln257_5" [vec_vec_op_streaming.cpp:257]   --->   Operation 57 'add' 'add_ln257_3' <Predicate = (!icmp_ln250)> <Delay = 0.76> <CoreInst = "Adder">   --->   Core 1 'Adder' <Latency = 0> <II = 1> <Delay = 0.76> <FuncUnit> <Opcode : 'add' 'sub'> <InPorts = 2> <OutPorts = 1>
ST_2 : Operation 58 [1/1] (0.00ns)   --->   "%tmp_8 = partselect i5 @_ssdm_op_PartSelect.i5.i190.i32.i32, i190 %select_ln258, i32 32, i32 36" [vec_vec_op_streaming.cpp:257]   --->   Operation 58 'partselect' 'tmp_8' <Predicate = (!icmp_ln250)> <Delay = 0.00>
ST_2 : Operation 59 [1/1] (0.00ns)   --->   "%and_ln257_6 = bitconcatenate i8 @_ssdm_op_BitConcatenate.i8.i5.i3, i5 %tmp_8, i3 0" [vec_vec_op_streaming.cpp:257]   --->   Operation 59 'bitconcatenate' 'and_ln257_6' <Predicate = (!icmp_ln250)> <Delay = 0.00>
ST_2 : Operation 60 [1/1] (0.00ns)   --->   "%tmp_9 = partselect i7 @_ssdm_op_PartSelect.i7.i190.i32.i32, i190 %select_ln258, i32 32, i32 38" [vec_vec_op_streaming.cpp:257]   --->   Operation 60 'partselect' 'tmp_9' <Predicate = (!icmp_ln250)> <Delay = 0.00>
ST_2 : Operation 61 [1/1] (0.00ns)   --->   "%and_ln257_7 = bitconcatenate i8 @_ssdm_op_BitConcatenate.i8.i7.i1, i7 %tmp_9, i1 0" [vec_vec_op_streaming.cpp:257]   --->   Operation 61 'bitconcatenate' 'and_ln257_7' <Predicate = (!icmp_ln250)> <Delay = 0.00>
ST_2 : Operation 62 [1/1] (0.76ns)   --->   "%add_ln257_4 = add i8 %and_ln257_6, i8 %and_ln257_7" [vec_vec_op_streaming.cpp:257]   --->   Operation 62 'add' 'add_ln257_4' <Predicate = (!icmp_ln250)> <Delay = 0.76> <CoreInst = "Adder">   --->   Core 1 'Adder' <Latency = 0> <II = 1> <Delay = 0.76> <FuncUnit> <Opcode : 'add' 'sub'> <InPorts = 2> <OutPorts = 1>
ST_2 : Operation 63 [1/1] (0.00ns)   --->   "%tmp_1 = partselect i5 @_ssdm_op_PartSelect.i5.i190.i32.i32, i190 %select_ln258, i32 40, i32 44" [vec_vec_op_streaming.cpp:257]   --->   Operation 63 'partselect' 'tmp_1' <Predicate = (!icmp_ln250)> <Delay = 0.00>
ST_2 : Operation 64 [1/1] (0.00ns)   --->   "%and_ln257_8 = bitconcatenate i8 @_ssdm_op_BitConcatenate.i8.i5.i3, i5 %tmp_1, i3 0" [vec_vec_op_streaming.cpp:257]   --->   Operation 64 'bitconcatenate' 'and_ln257_8' <Predicate = (!icmp_ln250)> <Delay = 0.00>
ST_2 : Operation 65 [1/1] (0.00ns)   --->   "%tmp_10 = partselect i7 @_ssdm_op_PartSelect.i7.i190.i32.i32, i190 %select_ln258, i32 40, i32 46" [vec_vec_op_streaming.cpp:257]   --->   Operation 65 'partselect' 'tmp_10' <Predicate = (!icmp_ln250)> <Delay = 0.00>
ST_2 : Operation 66 [1/1] (0.00ns)   --->   "%and_ln257_9 = bitconcatenate i8 @_ssdm_op_BitConcatenate.i8.i7.i1, i7 %tmp_10, i1 0" [vec_vec_op_streaming.cpp:257]   --->   Operation 66 'bitconcatenate' 'and_ln257_9' <Predicate = (!icmp_ln250)> <Delay = 0.00>
ST_2 : Operation 67 [1/1] (0.76ns)   --->   "%add_ln257_5 = add i8 %and_ln257_8, i8 %and_ln257_9" [vec_vec_op_streaming.cpp:257]   --->   Operation 67 'add' 'add_ln257_5' <Predicate = (!icmp_ln250)> <Delay = 0.76> <CoreInst = "Adder">   --->   Core 1 'Adder' <Latency = 0> <II = 1> <Delay = 0.76> <FuncUnit> <Opcode : 'add' 'sub'> <InPorts = 2> <OutPorts = 1>
ST_2 : Operation 68 [1/1] (0.00ns)   --->   "%tmp_11 = partselect i5 @_ssdm_op_PartSelect.i5.i190.i32.i32, i190 %select_ln258, i32 48, i32 52" [vec_vec_op_streaming.cpp:257]   --->   Operation 68 'partselect' 'tmp_11' <Predicate = (!icmp_ln250)> <Delay = 0.00>
ST_2 : Operation 69 [1/1] (0.00ns)   --->   "%and_ln257_s = bitconcatenate i8 @_ssdm_op_BitConcatenate.i8.i5.i3, i5 %tmp_11, i3 0" [vec_vec_op_streaming.cpp:257]   --->   Operation 69 'bitconcatenate' 'and_ln257_s' <Predicate = (!icmp_ln250)> <Delay = 0.00>
ST_2 : Operation 70 [1/1] (0.00ns)   --->   "%tmp_12 = partselect i7 @_ssdm_op_PartSelect.i7.i190.i32.i32, i190 %select_ln258, i32 48, i32 54" [vec_vec_op_streaming.cpp:257]   --->   Operation 70 'partselect' 'tmp_12' <Predicate = (!icmp_ln250)> <Delay = 0.00>
ST_2 : Operation 71 [1/1] (0.00ns)   --->   "%and_ln257_10 = bitconcatenate i8 @_ssdm_op_BitConcatenate.i8.i7.i1, i7 %tmp_12, i1 0" [vec_vec_op_streaming.cpp:257]   --->   Operation 71 'bitconcatenate' 'and_ln257_10' <Predicate = (!icmp_ln250)> <Delay = 0.00>
ST_2 : Operation 72 [1/1] (0.76ns)   --->   "%add_ln257_6 = add i8 %and_ln257_s, i8 %and_ln257_10" [vec_vec_op_streaming.cpp:257]   --->   Operation 72 'add' 'add_ln257_6' <Predicate = (!icmp_ln250)> <Delay = 0.76> <CoreInst = "Adder">   --->   Core 1 'Adder' <Latency = 0> <II = 1> <Delay = 0.76> <FuncUnit> <Opcode : 'add' 'sub'> <InPorts = 2> <OutPorts = 1>
ST_2 : Operation 73 [1/1] (0.00ns)   --->   "%tmp_13 = partselect i5 @_ssdm_op_PartSelect.i5.i190.i32.i32, i190 %select_ln258, i32 56, i32 60" [vec_vec_op_streaming.cpp:257]   --->   Operation 73 'partselect' 'tmp_13' <Predicate = (!icmp_ln250)> <Delay = 0.00>
ST_2 : Operation 74 [1/1] (0.00ns)   --->   "%and_ln257_11 = bitconcatenate i8 @_ssdm_op_BitConcatenate.i8.i5.i3, i5 %tmp_13, i3 0" [vec_vec_op_streaming.cpp:257]   --->   Operation 74 'bitconcatenate' 'and_ln257_11' <Predicate = (!icmp_ln250)> <Delay = 0.00>
ST_2 : Operation 75 [1/1] (0.00ns)   --->   "%tmp_14 = partselect i7 @_ssdm_op_PartSelect.i7.i190.i32.i32, i190 %select_ln258, i32 56, i32 62" [vec_vec_op_streaming.cpp:257]   --->   Operation 75 'partselect' 'tmp_14' <Predicate = (!icmp_ln250)> <Delay = 0.00>
ST_2 : Operation 76 [1/1] (0.00ns)   --->   "%and_ln257_12 = bitconcatenate i8 @_ssdm_op_BitConcatenate.i8.i7.i1, i7 %tmp_14, i1 0" [vec_vec_op_streaming.cpp:257]   --->   Operation 76 'bitconcatenate' 'and_ln257_12' <Predicate = (!icmp_ln250)> <Delay = 0.00>
ST_2 : Operation 77 [1/1] (0.76ns)   --->   "%add_ln257_7 = add i8 %and_ln257_11, i8 %and_ln257_12" [vec_vec_op_streaming.cpp:257]   --->   Operation 77 'add' 'add_ln257_7' <Predicate = (!icmp_ln250)> <Delay = 0.76> <CoreInst = "Adder">   --->   Core 1 'Adder' <Latency = 0> <II = 1> <Delay = 0.76> <FuncUnit> <Opcode : 'add' 'sub'> <InPorts = 2> <OutPorts = 1>
ST_2 : Operation 78 [1/1] (0.00ns)   --->   "%tmp_15 = partselect i5 @_ssdm_op_PartSelect.i5.i190.i32.i32, i190 %select_ln258, i32 64, i32 68" [vec_vec_op_streaming.cpp:257]   --->   Operation 78 'partselect' 'tmp_15' <Predicate = (!icmp_ln250)> <Delay = 0.00>
ST_2 : Operation 79 [1/1] (0.00ns)   --->   "%and_ln257_13 = bitconcatenate i8 @_ssdm_op_BitConcatenate.i8.i5.i3, i5 %tmp_15, i3 0" [vec_vec_op_streaming.cpp:257]   --->   Operation 79 'bitconcatenate' 'and_ln257_13' <Predicate = (!icmp_ln250)> <Delay = 0.00>
ST_2 : Operation 80 [1/1] (0.00ns)   --->   "%tmp_16 = partselect i7 @_ssdm_op_PartSelect.i7.i190.i32.i32, i190 %select_ln258, i32 64, i32 70" [vec_vec_op_streaming.cpp:257]   --->   Operation 80 'partselect' 'tmp_16' <Predicate = (!icmp_ln250)> <Delay = 0.00>
ST_2 : Operation 81 [1/1] (0.00ns)   --->   "%and_ln257_14 = bitconcatenate i8 @_ssdm_op_BitConcatenate.i8.i7.i1, i7 %tmp_16, i1 0" [vec_vec_op_streaming.cpp:257]   --->   Operation 81 'bitconcatenate' 'and_ln257_14' <Predicate = (!icmp_ln250)> <Delay = 0.00>
ST_2 : Operation 82 [1/1] (0.76ns)   --->   "%add_ln257_8 = add i8 %and_ln257_13, i8 %and_ln257_14" [vec_vec_op_streaming.cpp:257]   --->   Operation 82 'add' 'add_ln257_8' <Predicate = (!icmp_ln250)> <Delay = 0.76> <CoreInst = "Adder">   --->   Core 1 'Adder' <Latency = 0> <II = 1> <Delay = 0.76> <FuncUnit> <Opcode : 'add' 'sub'> <InPorts = 2> <OutPorts = 1>
ST_2 : Operation 83 [1/1] (0.00ns)   --->   "%tmp_17 = partselect i5 @_ssdm_op_PartSelect.i5.i190.i32.i32, i190 %select_ln258, i32 72, i32 76" [vec_vec_op_streaming.cpp:257]   --->   Operation 83 'partselect' 'tmp_17' <Predicate = (!icmp_ln250)> <Delay = 0.00>
ST_2 : Operation 84 [1/1] (0.00ns)   --->   "%and_ln257_15 = bitconcatenate i8 @_ssdm_op_BitConcatenate.i8.i5.i3, i5 %tmp_17, i3 0" [vec_vec_op_streaming.cpp:257]   --->   Operation 84 'bitconcatenate' 'and_ln257_15' <Predicate = (!icmp_ln250)> <Delay = 0.00>
ST_2 : Operation 85 [1/1] (0.00ns)   --->   "%tmp_18 = partselect i7 @_ssdm_op_PartSelect.i7.i190.i32.i32, i190 %select_ln258, i32 72, i32 78" [vec_vec_op_streaming.cpp:257]   --->   Operation 85 'partselect' 'tmp_18' <Predicate = (!icmp_ln250)> <Delay = 0.00>
ST_2 : Operation 86 [1/1] (0.00ns)   --->   "%and_ln257_16 = bitconcatenate i8 @_ssdm_op_BitConcatenate.i8.i7.i1, i7 %tmp_18, i1 0" [vec_vec_op_streaming.cpp:257]   --->   Operation 86 'bitconcatenate' 'and_ln257_16' <Predicate = (!icmp_ln250)> <Delay = 0.00>
ST_2 : Operation 87 [1/1] (0.76ns)   --->   "%add_ln257_9 = add i8 %and_ln257_15, i8 %and_ln257_16" [vec_vec_op_streaming.cpp:257]   --->   Operation 87 'add' 'add_ln257_9' <Predicate = (!icmp_ln250)> <Delay = 0.76> <CoreInst = "Adder">   --->   Core 1 'Adder' <Latency = 0> <II = 1> <Delay = 0.76> <FuncUnit> <Opcode : 'add' 'sub'> <InPorts = 2> <OutPorts = 1>
ST_2 : Operation 88 [1/1] (0.00ns)   --->   "%tmp_19 = partselect i5 @_ssdm_op_PartSelect.i5.i190.i32.i32, i190 %select_ln258, i32 80, i32 84" [vec_vec_op_streaming.cpp:257]   --->   Operation 88 'partselect' 'tmp_19' <Predicate = (!icmp_ln250)> <Delay = 0.00>
ST_2 : Operation 89 [1/1] (0.00ns)   --->   "%and_ln257_17 = bitconcatenate i8 @_ssdm_op_BitConcatenate.i8.i5.i3, i5 %tmp_19, i3 0" [vec_vec_op_streaming.cpp:257]   --->   Operation 89 'bitconcatenate' 'and_ln257_17' <Predicate = (!icmp_ln250)> <Delay = 0.00>
ST_2 : Operation 90 [1/1] (0.00ns)   --->   "%tmp_20 = partselect i7 @_ssdm_op_PartSelect.i7.i190.i32.i32, i190 %select_ln258, i32 80, i32 86" [vec_vec_op_streaming.cpp:257]   --->   Operation 90 'partselect' 'tmp_20' <Predicate = (!icmp_ln250)> <Delay = 0.00>
ST_2 : Operation 91 [1/1] (0.00ns)   --->   "%and_ln257_18 = bitconcatenate i8 @_ssdm_op_BitConcatenate.i8.i7.i1, i7 %tmp_20, i1 0" [vec_vec_op_streaming.cpp:257]   --->   Operation 91 'bitconcatenate' 'and_ln257_18' <Predicate = (!icmp_ln250)> <Delay = 0.00>
ST_2 : Operation 92 [1/1] (0.76ns)   --->   "%add_ln257_10 = add i8 %and_ln257_17, i8 %and_ln257_18" [vec_vec_op_streaming.cpp:257]   --->   Operation 92 'add' 'add_ln257_10' <Predicate = (!icmp_ln250)> <Delay = 0.76> <CoreInst = "Adder">   --->   Core 1 'Adder' <Latency = 0> <II = 1> <Delay = 0.76> <FuncUnit> <Opcode : 'add' 'sub'> <InPorts = 2> <OutPorts = 1>
ST_2 : Operation 93 [1/1] (0.00ns)   --->   "%tmp_21 = partselect i5 @_ssdm_op_PartSelect.i5.i190.i32.i32, i190 %select_ln258, i32 88, i32 92" [vec_vec_op_streaming.cpp:257]   --->   Operation 93 'partselect' 'tmp_21' <Predicate = (!icmp_ln250)> <Delay = 0.00>
ST_2 : Operation 94 [1/1] (0.00ns)   --->   "%and_ln257_19 = bitconcatenate i8 @_ssdm_op_BitConcatenate.i8.i5.i3, i5 %tmp_21, i3 0" [vec_vec_op_streaming.cpp:257]   --->   Operation 94 'bitconcatenate' 'and_ln257_19' <Predicate = (!icmp_ln250)> <Delay = 0.00>
ST_2 : Operation 95 [1/1] (0.00ns)   --->   "%tmp_22 = partselect i7 @_ssdm_op_PartSelect.i7.i190.i32.i32, i190 %select_ln258, i32 88, i32 94" [vec_vec_op_streaming.cpp:257]   --->   Operation 95 'partselect' 'tmp_22' <Predicate = (!icmp_ln250)> <Delay = 0.00>
ST_2 : Operation 96 [1/1] (0.00ns)   --->   "%and_ln257_20 = bitconcatenate i8 @_ssdm_op_BitConcatenate.i8.i7.i1, i7 %tmp_22, i1 0" [vec_vec_op_streaming.cpp:257]   --->   Operation 96 'bitconcatenate' 'and_ln257_20' <Predicate = (!icmp_ln250)> <Delay = 0.00>
ST_2 : Operation 97 [1/1] (0.76ns)   --->   "%add_ln257_11 = add i8 %and_ln257_19, i8 %and_ln257_20" [vec_vec_op_streaming.cpp:257]   --->   Operation 97 'add' 'add_ln257_11' <Predicate = (!icmp_ln250)> <Delay = 0.76> <CoreInst = "Adder">   --->   Core 1 'Adder' <Latency = 0> <II = 1> <Delay = 0.76> <FuncUnit> <Opcode : 'add' 'sub'> <InPorts = 2> <OutPorts = 1>
ST_2 : Operation 98 [1/1] (0.00ns)   --->   "%tmp_23 = partselect i5 @_ssdm_op_PartSelect.i5.i190.i32.i32, i190 %select_ln258, i32 96, i32 100" [vec_vec_op_streaming.cpp:257]   --->   Operation 98 'partselect' 'tmp_23' <Predicate = (!icmp_ln250)> <Delay = 0.00>
ST_2 : Operation 99 [1/1] (0.00ns)   --->   "%and_ln257_21 = bitconcatenate i8 @_ssdm_op_BitConcatenate.i8.i5.i3, i5 %tmp_23, i3 0" [vec_vec_op_streaming.cpp:257]   --->   Operation 99 'bitconcatenate' 'and_ln257_21' <Predicate = (!icmp_ln250)> <Delay = 0.00>
ST_2 : Operation 100 [1/1] (0.00ns)   --->   "%tmp_24 = partselect i7 @_ssdm_op_PartSelect.i7.i190.i32.i32, i190 %select_ln258, i32 96, i32 102" [vec_vec_op_streaming.cpp:257]   --->   Operation 100 'partselect' 'tmp_24' <Predicate = (!icmp_ln250)> <Delay = 0.00>
ST_2 : Operation 101 [1/1] (0.00ns)   --->   "%and_ln257_22 = bitconcatenate i8 @_ssdm_op_BitConcatenate.i8.i7.i1, i7 %tmp_24, i1 0" [vec_vec_op_streaming.cpp:257]   --->   Operation 101 'bitconcatenate' 'and_ln257_22' <Predicate = (!icmp_ln250)> <Delay = 0.00>
ST_2 : Operation 102 [1/1] (0.76ns)   --->   "%add_ln257_12 = add i8 %and_ln257_21, i8 %and_ln257_22" [vec_vec_op_streaming.cpp:257]   --->   Operation 102 'add' 'add_ln257_12' <Predicate = (!icmp_ln250)> <Delay = 0.76> <CoreInst = "Adder">   --->   Core 1 'Adder' <Latency = 0> <II = 1> <Delay = 0.76> <FuncUnit> <Opcode : 'add' 'sub'> <InPorts = 2> <OutPorts = 1>
ST_2 : Operation 103 [1/1] (0.00ns)   --->   "%tmp_25 = partselect i5 @_ssdm_op_PartSelect.i5.i190.i32.i32, i190 %select_ln258, i32 104, i32 108" [vec_vec_op_streaming.cpp:257]   --->   Operation 103 'partselect' 'tmp_25' <Predicate = (!icmp_ln250)> <Delay = 0.00>
ST_2 : Operation 104 [1/1] (0.00ns)   --->   "%and_ln257_23 = bitconcatenate i8 @_ssdm_op_BitConcatenate.i8.i5.i3, i5 %tmp_25, i3 0" [vec_vec_op_streaming.cpp:257]   --->   Operation 104 'bitconcatenate' 'and_ln257_23' <Predicate = (!icmp_ln250)> <Delay = 0.00>
ST_2 : Operation 105 [1/1] (0.00ns)   --->   "%tmp_26 = partselect i7 @_ssdm_op_PartSelect.i7.i190.i32.i32, i190 %select_ln258, i32 104, i32 110" [vec_vec_op_streaming.cpp:257]   --->   Operation 105 'partselect' 'tmp_26' <Predicate = (!icmp_ln250)> <Delay = 0.00>
ST_2 : Operation 106 [1/1] (0.00ns)   --->   "%and_ln257_24 = bitconcatenate i8 @_ssdm_op_BitConcatenate.i8.i7.i1, i7 %tmp_26, i1 0" [vec_vec_op_streaming.cpp:257]   --->   Operation 106 'bitconcatenate' 'and_ln257_24' <Predicate = (!icmp_ln250)> <Delay = 0.00>
ST_2 : Operation 107 [1/1] (0.76ns)   --->   "%add_ln257_13 = add i8 %and_ln257_23, i8 %and_ln257_24" [vec_vec_op_streaming.cpp:257]   --->   Operation 107 'add' 'add_ln257_13' <Predicate = (!icmp_ln250)> <Delay = 0.76> <CoreInst = "Adder">   --->   Core 1 'Adder' <Latency = 0> <II = 1> <Delay = 0.76> <FuncUnit> <Opcode : 'add' 'sub'> <InPorts = 2> <OutPorts = 1>
ST_2 : Operation 108 [1/1] (0.00ns)   --->   "%tmp_27 = partselect i5 @_ssdm_op_PartSelect.i5.i190.i32.i32, i190 %select_ln258, i32 112, i32 116" [vec_vec_op_streaming.cpp:257]   --->   Operation 108 'partselect' 'tmp_27' <Predicate = (!icmp_ln250)> <Delay = 0.00>
ST_2 : Operation 109 [1/1] (0.00ns)   --->   "%and_ln257_25 = bitconcatenate i8 @_ssdm_op_BitConcatenate.i8.i5.i3, i5 %tmp_27, i3 0" [vec_vec_op_streaming.cpp:257]   --->   Operation 109 'bitconcatenate' 'and_ln257_25' <Predicate = (!icmp_ln250)> <Delay = 0.00>
ST_2 : Operation 110 [1/1] (0.00ns)   --->   "%tmp_28 = partselect i7 @_ssdm_op_PartSelect.i7.i190.i32.i32, i190 %select_ln258, i32 112, i32 118" [vec_vec_op_streaming.cpp:257]   --->   Operation 110 'partselect' 'tmp_28' <Predicate = (!icmp_ln250)> <Delay = 0.00>
ST_2 : Operation 111 [1/1] (0.00ns)   --->   "%and_ln257_26 = bitconcatenate i8 @_ssdm_op_BitConcatenate.i8.i7.i1, i7 %tmp_28, i1 0" [vec_vec_op_streaming.cpp:257]   --->   Operation 111 'bitconcatenate' 'and_ln257_26' <Predicate = (!icmp_ln250)> <Delay = 0.00>
ST_2 : Operation 112 [1/1] (0.76ns)   --->   "%add_ln257_14 = add i8 %and_ln257_25, i8 %and_ln257_26" [vec_vec_op_streaming.cpp:257]   --->   Operation 112 'add' 'add_ln257_14' <Predicate = (!icmp_ln250)> <Delay = 0.76> <CoreInst = "Adder">   --->   Core 1 'Adder' <Latency = 0> <II = 1> <Delay = 0.76> <FuncUnit> <Opcode : 'add' 'sub'> <InPorts = 2> <OutPorts = 1>
ST_2 : Operation 113 [1/1] (0.00ns)   --->   "%tmp_29 = partselect i5 @_ssdm_op_PartSelect.i5.i190.i32.i32, i190 %select_ln258, i32 120, i32 124" [vec_vec_op_streaming.cpp:257]   --->   Operation 113 'partselect' 'tmp_29' <Predicate = (!icmp_ln250)> <Delay = 0.00>
ST_2 : Operation 114 [1/1] (0.00ns)   --->   "%and_ln257_27 = bitconcatenate i8 @_ssdm_op_BitConcatenate.i8.i5.i3, i5 %tmp_29, i3 0" [vec_vec_op_streaming.cpp:257]   --->   Operation 114 'bitconcatenate' 'and_ln257_27' <Predicate = (!icmp_ln250)> <Delay = 0.00>
ST_2 : Operation 115 [1/1] (0.00ns)   --->   "%tmp_30 = partselect i7 @_ssdm_op_PartSelect.i7.i190.i32.i32, i190 %select_ln258, i32 120, i32 126" [vec_vec_op_streaming.cpp:257]   --->   Operation 115 'partselect' 'tmp_30' <Predicate = (!icmp_ln250)> <Delay = 0.00>
ST_2 : Operation 116 [1/1] (0.00ns)   --->   "%and_ln257_28 = bitconcatenate i8 @_ssdm_op_BitConcatenate.i8.i7.i1, i7 %tmp_30, i1 0" [vec_vec_op_streaming.cpp:257]   --->   Operation 116 'bitconcatenate' 'and_ln257_28' <Predicate = (!icmp_ln250)> <Delay = 0.00>
ST_2 : Operation 117 [1/1] (0.76ns)   --->   "%add_ln257_15 = add i8 %and_ln257_27, i8 %and_ln257_28" [vec_vec_op_streaming.cpp:257]   --->   Operation 117 'add' 'add_ln257_15' <Predicate = (!icmp_ln250)> <Delay = 0.76> <CoreInst = "Adder">   --->   Core 1 'Adder' <Latency = 0> <II = 1> <Delay = 0.76> <FuncUnit> <Opcode : 'add' 'sub'> <InPorts = 2> <OutPorts = 1>
ST_2 : Operation 118 [1/1] (0.00ns)   --->   "%trunc_ln = partselect i16 @_ssdm_op_PartSelect.i16.i190.i32.i32, i190 %select_ln258, i32 144, i32 159" [vec_vec_op_streaming.cpp:265]   --->   Operation 118 'partselect' 'trunc_ln' <Predicate = (!icmp_ln250)> <Delay = 0.00>
ST_2 : Operation 119 [1/1] (0.00ns)   --->   "%tmp_31 = partselect i16 @_ssdm_op_PartSelect.i16.i190.i32.i32, i190 %select_ln258, i32 128, i32 143" [vec_vec_op_streaming.cpp:266]   --->   Operation 119 'partselect' 'tmp_31' <Predicate = (!icmp_ln250)> <Delay = 0.00>
ST_2 : Operation 120 [1/1] (0.00ns)   --->   "%trunc_ln308_7 = partselect i2 @_ssdm_op_PartSelect.i2.i190.i32.i32, i190 %select_ln258, i32 160, i32 161"   --->   Operation 120 'partselect' 'trunc_ln308_7' <Predicate = (!icmp_ln250)> <Delay = 0.00>
ST_2 : Operation 121 [1/1] (0.00ns)   --->   "%tmp = bitselect i1 @_ssdm_op_BitSelect.i1.i190.i32, i190 %select_ln258, i32 168"   --->   Operation 121 'bitselect' 'tmp' <Predicate = (!icmp_ln250)> <Delay = 0.00>
ST_2 : Operation 122 [1/1] (0.00ns)   --->   "%trunc_ln308_9 = partselect i5 @_ssdm_op_PartSelect.i5.i190.i32.i32, i190 %select_ln258, i32 176, i32 180"   --->   Operation 122 'partselect' 'trunc_ln308_9' <Predicate = (!icmp_ln250)> <Delay = 0.00>
ST_2 : Operation 123 [1/1] (0.00ns)   --->   "%trunc_ln308_s = partselect i6 @_ssdm_op_PartSelect.i6.i190.i32.i32, i190 %select_ln258, i32 184, i32 189"   --->   Operation 123 'partselect' 'trunc_ln308_s' <Predicate = (!icmp_ln250)> <Delay = 0.00>

State 3 <SV = 2> <Delay = 0.00>
ST_3 : Operation 124 [1/1] (0.00ns)   --->   "%specpipeline_ln250 = specpipeline void @_ssdm_op_SpecPipeline, i32 1, i32 0, i32 0, i32 0, void @empty_0" [vec_vec_op_streaming.cpp:250]   --->   Operation 124 'specpipeline' 'specpipeline_ln250' <Predicate = (!icmp_ln250)> <Delay = 0.00>
ST_3 : Operation 125 [1/1] (0.00ns)   --->   "%specloopname_ln250 = specloopname void @_ssdm_op_SpecLoopName, void @empty_7" [vec_vec_op_streaming.cpp:250]   --->   Operation 125 'specloopname' 'specloopname_ln250' <Predicate = (!icmp_ln250)> <Delay = 0.00>
ST_3 : Operation 126 [1/1] (0.00ns)   --->   "%or_ln308_s = bitconcatenate i128 @_ssdm_op_BitConcatenate.i128.i8.i8.i8.i8.i8.i8.i8.i8.i8.i8.i8.i8.i8.i8.i8.i8, i8 %add_ln257_15, i8 %add_ln257_14, i8 %add_ln257_13, i8 %add_ln257_12, i8 %add_ln257_11, i8 %add_ln257_10, i8 %add_ln257_9, i8 %add_ln257_8, i8 %add_ln257_7, i8 %add_ln257_6, i8 %add_ln257_5, i8 %add_ln257_4, i8 %add_ln257_3, i8 %add_ln257_2, i8 %add_ln257_1, i8 %add_ln257"   --->   Operation 126 'bitconcatenate' 'or_ln308_s' <Predicate = (!icmp_ln250)> <Delay = 0.00>
ST_3 : Operation 127 [1/1] (0.00ns)   --->   "%write_ln309 = write void @_ssdm_op_Write.axis.volatile.i128P0A.i16P0A.i16P0A.i2P0A.i1P0A.i5P0A.i6P0A, i128 %vec_out_V_data_V, i16 %vec_out_V_keep_V, i16 %vec_out_V_strb_V, i2 %vec_out_V_user_V, i1 %vec_out_V_last_V, i5 %vec_out_V_id_V, i6 %vec_out_V_dest_V, i128 %or_ln308_s, i16 %tmp_31, i16 %trunc_ln, i2 %trunc_ln308_7, i1 %tmp, i5 %trunc_ln308_9, i6 %trunc_ln308_s"   --->   Operation 127 'write' 'write_ln309' <Predicate = (!icmp_ln250)> <Delay = 0.00> <CoreInst = "axis">   --->   Core 123 'axis' <Latency = 0> <II = 1> <Delay = 1.00> <Adapter> <Opcode : >
ST_3 : Operation 128 [1/1] (0.00ns)   --->   "%br_ln0 = br void"   --->   Operation 128 'br' 'br_ln0' <Predicate = (!icmp_ln250)> <Delay = 0.00>

State 4 <SV = 3> <Delay = 0.00>
ST_4 : Operation 129 [1/1] (0.00ns)   --->   "%ret_ln274 = ret" [vec_vec_op_streaming.cpp:274]   --->   Operation 129 'ret' 'ret_ln274' <Predicate = true> <Delay = 0.00>


============================================================
+ Verbose Summary: Timing violations
============================================================
Target clock period: 10ns, clock uncertainty: 1ns.

 <State 1>: 0.427ns
The critical path consists of the following:
	multiplexor before 'phi' operation ('j', vec_vec_op_streaming.cpp:250) with incoming values : ('add_ln250', vec_vec_op_streaming.cpp:250) [31]  (0.427 ns)

 <State 2>: 2.08ns
The critical path consists of the following:
	'phi' operation ('j', vec_vec_op_streaming.cpp:250) with incoming values : ('add_ln250', vec_vec_op_streaming.cpp:250) [31]  (0 ns)
	'icmp' operation ('cmp26', vec_vec_op_streaming.cpp:250) [48]  (0.785 ns)
	'select' operation ('select_ln258', vec_vec_op_streaming.cpp:258) [56]  (0.527 ns)
	'add' operation ('add_ln257_1', vec_vec_op_streaming.cpp:257) [61]  (0.765 ns)

 <State 3>: 0ns
The critical path consists of the following:

 <State 4>: 0ns
The critical path consists of the following:


============================================================
+ Verbose Summary: Binding
============================================================
N/A
* FSMD analyzer results:
  - Output states:
 - Input state : 
  - Chain level:
	State 1
	State 2
	State 3
	State 4


============================================================
+ Verbose Summary: Datapath Resource usage 
============================================================
N/A
