

================================================================
== Synthesis Summary Report of 'vec_vec_op_streaming'
================================================================
+ General Information: 
    * Date:           Wed May  3 16:43:49 2023
    * Version:        2020.2 (Build 3064766 on Wed Nov 18 09:12:47 MST 2020)
    * Project:        vec_vec_op_streaming
    * Solution:       solution1 (Vivado IP Flow Target)
    * Product family: zynquplus
    * Target device:  xczu9eg-ffvb1156-2-e
    

+ Performance & Resource Estimates: 
    
    PS: '+' for module; 'o' for loop; '*' for dataflow
    +-------------------------------+------+-------+---------+---------+----------+---------+------+----------+------+----+-----------+-----------+-----+
    |            Modules            | Issue|       | Latency | Latency | Iteration|         | Trip |          |      |    |           |           |     |
    |            & Loops            | Type | Slack | (cycles)|   (ns)  |  Latency | Interval| Count| Pipelined| BRAM | DSP|     FF    |    LUT    | URAM|
    +-------------------------------+------+-------+---------+---------+----------+---------+------+----------+------+----+-----------+-----------+-----+
    |+ vec_vec_op_streaming         |     -|  -6.71|       36|  360.000|         -|       37|     -|        no|     -|   -|  789 (~0%)|  2804 (1%)|    -|
    | + grp_vector_scale_fu_92      |     -|  -6.92|       34|  340.000|         -|       34|     -|        no|     -|   -|  170 (~0%)|  703 (~0%)|    -|
    |  o BLOCK_CACHE_LOOP           |     -|  -9.00|       32|  320.000|         2|        1|    32|       yes|     -|   -|          -|          -|    -|
    | + grp_vector_subtract_fu_124  |     -|  -7.69|       34|  340.000|         -|       34|     -|        no|     -|   -|  186 (~0%)|  712 (~0%)|    -|
    |  o BLOCK_CACHE_LOOP           |     -|  -9.00|       32|  320.000|         2|        1|    32|       yes|     -|   -|          -|          -|    -|
    | + grp_vector_add_fu_170       |     -|  -7.69|       34|  340.000|         -|       34|     -|        no|     -|   -|  186 (~0%)|  712 (~0%)|    -|
    |  o BLOCK_CACHE_LOOP           |     -|  -9.00|       32|  320.000|         2|        1|    32|       yes|     -|   -|          -|          -|    -|
    | + grp_vector_add2_fu_216      |     -|  -8.23|        5|   50.000|         -|        5|     -|        no|     -|   -|  182 (~0%)|  339 (~0%)|    -|
    |  o BLOCK_CACHE_LOOP           |     -|  -9.00|        3|   30.000|         2|        1|     3|       yes|     -|   -|          -|          -|    -|
    +-------------------------------+------+-------+---------+---------+----------+---------+------+----------+------+----+-----------+-----------+-----+

